[2023-06-24 15:25:52,507] {taskinstance.py:1159} INFO - Dependencies all met for <TaskInstance: 2_daily_transformation_analysis.daily_analysis manual__2023-06-24T15:25:11.165118+00:00 [queued]>
[2023-06-24 15:25:52,520] {taskinstance.py:1159} INFO - Dependencies all met for <TaskInstance: 2_daily_transformation_analysis.daily_analysis manual__2023-06-24T15:25:11.165118+00:00 [queued]>
[2023-06-24 15:25:52,521] {taskinstance.py:1356} INFO - 
--------------------------------------------------------------------------------
[2023-06-24 15:25:52,523] {taskinstance.py:1357} INFO - Starting attempt 1 of 1
[2023-06-24 15:25:52,524] {taskinstance.py:1358} INFO - 
--------------------------------------------------------------------------------
[2023-06-24 15:25:52,544] {taskinstance.py:1377} INFO - Executing <Task(BashOperator): daily_analysis> on 2023-06-24 15:25:11.165118+00:00
[2023-06-24 15:25:52,551] {standard_task_runner.py:52} INFO - Started process 1431 to run task
[2023-06-24 15:25:52,557] {standard_task_runner.py:79} INFO - Running: ['***', 'tasks', 'run', '2_daily_transformation_analysis', 'daily_analysis', 'manual__2023-06-24T15:25:11.165118+00:00', '--job-id', '25', '--raw', '--subdir', 'DAGS_FOLDER/transform_and_analysis.py', '--cfg-path', '/tmp/tmp6pr46di9', '--error-file', '/tmp/tmpym9cksog']
[2023-06-24 15:25:52,558] {standard_task_runner.py:80} INFO - Job 25: Subtask daily_analysis
[2023-06-24 15:25:52,641] {task_command.py:369} INFO - Running <TaskInstance: 2_daily_transformation_analysis.daily_analysis manual__2023-06-24T15:25:11.165118+00:00 [running]> on host e468c72596db
[2023-06-24 15:25:52,795] {taskinstance.py:1571} INFO - Exporting the following env vars:
AIRFLOW_CTX_DAG_OWNER=***
AIRFLOW_CTX_DAG_ID=2_daily_transformation_analysis
AIRFLOW_CTX_TASK_ID=daily_analysis
AIRFLOW_CTX_EXECUTION_DATE=2023-06-24T15:25:11.165118+00:00
AIRFLOW_CTX_TRY_NUMBER=1
AIRFLOW_CTX_DAG_RUN_ID=manual__2023-06-24T15:25:11.165118+00:00
[2023-06-24 15:25:52,798] {subprocess.py:62} INFO - Tmp dir root location: 
 /tmp
[2023-06-24 15:25:52,801] {subprocess.py:74} INFO - Running command: ['bash', '-c', 'cd /dbt && dbt run --models analysis --profiles-dir .']
[2023-06-24 15:25:52,815] {subprocess.py:85} INFO - Output:
[2023-06-24 15:25:53,874] {subprocess.py:92} INFO - Running with dbt=0.19.0
[2023-06-24 15:25:58,668] {subprocess.py:92} INFO - Found 7 models, 4 tests, 0 snapshots, 0 analyses, 316 macros, 0 operations, 3 seed files, 0 sources, 0 exposures
[2023-06-24 15:25:58,672] {subprocess.py:92} INFO - 
[2023-06-24 15:26:13,604] {subprocess.py:92} INFO - 15:26:13 | Concurrency: 200 threads (target='dev')
[2023-06-24 15:26:13,606] {subprocess.py:92} INFO - 15:26:13 |
[2023-06-24 15:26:13,751] {subprocess.py:92} INFO - 15:26:13 | 1 of 2 START view model analysis.hotel_count_by_day.................. [RUN]
[2023-06-24 15:26:13,752] {subprocess.py:92} INFO - 15:26:13 | 2 of 2 START view model analysis.thirty_day_avg_cost................. [RUN]
[2023-06-24 15:26:19,690] {subprocess.py:92} INFO - 15:26:19 | 1 of 2 OK created view model analysis.hotel_count_by_day............. [[32mSUCCESS 1[0m in 5.93s]
[2023-06-24 15:26:19,691] {subprocess.py:92} INFO - 15:26:19 | 2 of 2 OK created view model analysis.thirty_day_avg_cost............ [[32mSUCCESS 1[0m in 5.93s]
[2023-06-24 15:26:23,308] {subprocess.py:92} INFO - 15:26:23 |
[2023-06-24 15:26:23,309] {subprocess.py:92} INFO - 15:26:23 | Finished running 2 view models in 24.63s.
[2023-06-24 15:26:23,448] {subprocess.py:92} INFO - 
[2023-06-24 15:26:23,449] {subprocess.py:92} INFO - [32mCompleted successfully[0m
[2023-06-24 15:26:23,451] {subprocess.py:92} INFO - 
[2023-06-24 15:26:23,452] {subprocess.py:92} INFO - Done. PASS=2 WARN=0 ERROR=0 SKIP=0 TOTAL=2
[2023-06-24 15:26:25,322] {subprocess.py:96} INFO - Command exited with return code 0
[2023-06-24 15:26:25,401] {taskinstance.py:1400} INFO - Marking task as SUCCESS. dag_id=2_daily_transformation_analysis, task_id=daily_analysis, execution_date=20230624T152511, start_date=20230624T152552, end_date=20230624T152625
[2023-06-24 15:26:25,439] {local_task_job.py:156} INFO - Task exited with return code 0
[2023-06-24 15:26:25,503] {local_task_job.py:273} INFO - 0 downstream tasks scheduled from follow-on schedule check
