[2023-06-24 15:25:12,101] {taskinstance.py:1159} INFO - Dependencies all met for <TaskInstance: 2_daily_transformation_analysis.daily_transform manual__2023-06-24T15:25:11.165118+00:00 [queued]>
[2023-06-24 15:25:12,114] {taskinstance.py:1159} INFO - Dependencies all met for <TaskInstance: 2_daily_transformation_analysis.daily_transform manual__2023-06-24T15:25:11.165118+00:00 [queued]>
[2023-06-24 15:25:12,116] {taskinstance.py:1356} INFO - 
--------------------------------------------------------------------------------
[2023-06-24 15:25:12,118] {taskinstance.py:1357} INFO - Starting attempt 1 of 1
[2023-06-24 15:25:12,119] {taskinstance.py:1358} INFO - 
--------------------------------------------------------------------------------
[2023-06-24 15:25:12,139] {taskinstance.py:1377} INFO - Executing <Task(BashOperator): daily_transform> on 2023-06-24 15:25:11.165118+00:00
[2023-06-24 15:25:12,146] {standard_task_runner.py:52} INFO - Started process 1171 to run task
[2023-06-24 15:25:12,152] {standard_task_runner.py:79} INFO - Running: ['***', 'tasks', 'run', '2_daily_transformation_analysis', 'daily_transform', 'manual__2023-06-24T15:25:11.165118+00:00', '--job-id', '24', '--raw', '--subdir', 'DAGS_FOLDER/transform_and_analysis.py', '--cfg-path', '/tmp/tmp0h4alv7d', '--error-file', '/tmp/tmpa2vfw7et']
[2023-06-24 15:25:12,154] {standard_task_runner.py:80} INFO - Job 24: Subtask daily_transform
[2023-06-24 15:25:12,265] {task_command.py:369} INFO - Running <TaskInstance: 2_daily_transformation_analysis.daily_transform manual__2023-06-24T15:25:11.165118+00:00 [running]> on host e468c72596db
[2023-06-24 15:25:12,437] {taskinstance.py:1571} INFO - Exporting the following env vars:
AIRFLOW_CTX_DAG_OWNER=***
AIRFLOW_CTX_DAG_ID=2_daily_transformation_analysis
AIRFLOW_CTX_TASK_ID=daily_transform
AIRFLOW_CTX_EXECUTION_DATE=2023-06-24T15:25:11.165118+00:00
AIRFLOW_CTX_TRY_NUMBER=1
AIRFLOW_CTX_DAG_RUN_ID=manual__2023-06-24T15:25:11.165118+00:00
[2023-06-24 15:25:12,439] {subprocess.py:62} INFO - Tmp dir root location: 
 /tmp
[2023-06-24 15:25:12,441] {subprocess.py:74} INFO - Running command: ['bash', '-c', 'cd /dbt && dbt run --models transform --profiles-dir .']
[2023-06-24 15:25:12,456] {subprocess.py:85} INFO - Output:
[2023-06-24 15:25:13,758] {subprocess.py:92} INFO - Running with dbt=0.19.0
[2023-06-24 15:25:18,725] {subprocess.py:92} INFO - Found 7 models, 4 tests, 0 snapshots, 0 analyses, 316 macros, 0 operations, 3 seed files, 0 sources, 0 exposures
[2023-06-24 15:25:18,727] {subprocess.py:92} INFO - 
[2023-06-24 15:25:33,702] {subprocess.py:92} INFO - 15:25:33 | Concurrency: 200 threads (target='dev')
[2023-06-24 15:25:33,704] {subprocess.py:92} INFO - 15:25:33 |
[2023-06-24 15:25:33,844] {subprocess.py:92} INFO - 15:25:33 | 1 of 3 START view model transform.combined_bookings.................. [RUN]
[2023-06-24 15:25:33,845] {subprocess.py:92} INFO - 15:25:33 | 2 of 3 START view model transform.customer........................... [RUN]
[2023-06-24 15:25:39,048] {subprocess.py:92} INFO - 15:25:39 | 2 of 3 OK created view model transform.customer...................... [[32mSUCCESS 1[0m in 5.19s]
[2023-06-24 15:25:39,857] {subprocess.py:92} INFO - 15:25:39 | 1 of 3 OK created view model transform.combined_bookings............. [[32mSUCCESS 1[0m in 6.01s]
[2023-06-24 15:25:39,864] {subprocess.py:92} INFO - 15:25:39 | 3 of 3 START view model transform.prepped_data....................... [RUN]
[2023-06-24 15:25:45,177] {subprocess.py:92} INFO - 15:25:45 | 3 of 3 OK created view model transform.prepped_data.................. [[32mSUCCESS 1[0m in 5.31s]
[2023-06-24 15:25:48,861] {subprocess.py:92} INFO - 15:25:48 |
[2023-06-24 15:25:48,862] {subprocess.py:92} INFO - 15:25:48 | Finished running 3 view models in 30.13s.
[2023-06-24 15:25:48,998] {subprocess.py:92} INFO - 
[2023-06-24 15:25:48,999] {subprocess.py:92} INFO - [32mCompleted successfully[0m
[2023-06-24 15:25:49,000] {subprocess.py:92} INFO - 
[2023-06-24 15:25:49,001] {subprocess.py:92} INFO - Done. PASS=3 WARN=0 ERROR=0 SKIP=0 TOTAL=3
[2023-06-24 15:25:51,314] {subprocess.py:96} INFO - Command exited with return code 0
[2023-06-24 15:25:51,370] {taskinstance.py:1400} INFO - Marking task as SUCCESS. dag_id=2_daily_transformation_analysis, task_id=daily_transform, execution_date=20230624T152511, start_date=20230624T152512, end_date=20230624T152551
[2023-06-24 15:25:51,418] {local_task_job.py:156} INFO - Task exited with return code 0
[2023-06-24 15:25:51,561] {local_task_job.py:273} INFO - 1 downstream tasks scheduled from follow-on schedule check
